Arguments: 
  /Users/jbird/.nvm/versions/node/v8.2.1/bin/node /Users/jbird/.nvm/versions/node/v8.2.1/bin/yarn start

PATH: 
  /Users/jbird/arc/arcanist/bin:/Users/jbird/.opam/system/bin:/Users/jbird/.nvm/versions/node/v8.2.1/bin:/Users/jbird/.rbenv/shims:/usr/local/bin:/usr/bin:/bin:/usr/sbin:/sbin:/Applications/Wireshark.app/Contents/MacOS:/Users/jbird/.rbenv/bin:/Users/jbird/.rbenv/shims:/usr/local/bin:/usr/bin:/bin:/usr/sbin:/sbin:/Applications/Wireshark.app/Contents/MacOS:/Applications/Postgres.app/Contents/Versions/latest/bin

Yarn version: 
  1.5.1

Node version: 
  8.2.1

Platform: 
  darwin x64

npm manifest: 
  {
    "name": "create-repack-app",
    "version": "1.0.0",
    "scripts": {
      "build": "cd client && npm install --only=dev && npm install && npm run build && cd ..",
      "deploy": "cp -a client/build/. public/",
      "heroku-postbuild": "npm run build && npm run deploy && echo 'Client Built'"
    },
    "keywords": [],
    "author": "",
    "license": "ISC"
  }

yarn manifest: 
  No manifest

Lockfile: 
  No lockfile

Trace: 
  Error: Command "start" not found.
      at new MessageError (/Users/jbird/.nvm/versions/node/v8.2.1/lib/node_modules/yarn/lib/cli.js:186:110)
      at /Users/jbird/.nvm/versions/node/v8.2.1/lib/node_modules/yarn/lib/cli.js:87307:17
      at Generator.next (<anonymous>)
      at step (/Users/jbird/.nvm/versions/node/v8.2.1/lib/node_modules/yarn/lib/cli.js:98:30)
      at /Users/jbird/.nvm/versions/node/v8.2.1/lib/node_modules/yarn/lib/cli.js:116:14
      at Promise (<anonymous>)
      at F (/Users/jbird/.nvm/versions/node/v8.2.1/lib/node_modules/yarn/lib/cli.js:23451:28)
      at /Users/jbird/.nvm/versions/node/v8.2.1/lib/node_modules/yarn/lib/cli.js:95:12
      at runCommand (/Users/jbird/.nvm/versions/node/v8.2.1/lib/node_modules/yarn/lib/cli.js:87312:22)
      at Object.<anonymous> (/Users/jbird/.nvm/versions/node/v8.2.1/lib/node_modules/yarn/lib/cli.js:87412:14)
